<?xml version="1.0" encoding="UTF-8"?>
<testsuite xmlns:xsi="http://www.w3.org/2001/XMLSchema-instance" xsi:noNamespaceSchemaLocation="https://maven.apache.org/surefire/maven-surefire-plugin/xsd/surefire-test-report-3.0.xsd" version="3.0" name="com.sap.cloud.sdk.tutorial.sdkapp.UnitTest" time="0.243" tests="1" errors="0" skipped="0" failures="0">
  <properties>
    <property name="sun.desktop" value="windows"/>
    <property name="awt.toolkit" value="sun.awt.windows.WToolkit"/>
    <property name="file.encoding.pkg" value="sun.io"/>
    <property name="java.specification.version" value="1.8"/>
    <property name="sun.cpu.isalist" value="amd64"/>
    <property name="sun.jnu.encoding" value="Cp1252"/>
    <property name="java.class.path" value="C:\SAP_JAVA\IDES\eclipse_scp\workspace\sdkapp\unit-tests\target\test-classes;C:\SAP_JAVA\IDES\eclipse_scp\workspace\sdkapp\unit-tests\target\classes;C:\SAP_JAVA\IDES\eclipse_scp\workspace\sdkapp\application\target\sdkapp-application-classes.jar;C:\Users\i035789\.m2\repository\com\sap\cloud\s4hana\cloudplatform\scp-cf\2.22.0\scp-cf-2.22.0.jar;C:\Users\i035789\.m2\repository\com\sap\cloud\s4hana\cloudplatform\auditlog-scp-cf\2.22.0\auditlog-scp-cf-2.22.0.jar;C:\Users\i035789\.m2\repository\com\sap\cloud\s4hana\cloudplatform\caching\2.22.0\caching-2.22.0.jar;C:\Users\i035789\.m2\repository\com\sap\cloud\s4hana\cloudplatform\core-scp-cf\2.22.0\core-scp-cf-2.22.0.jar;C:\Users\i035789\.m2\repository\com\google\code\gson\gson\2.8.5\gson-2.8.5.jar;C:\Users\i035789\.m2\repository\com\auth0\java-jwt\3.4.0\java-jwt-3.4.0.jar;C:\Users\i035789\.m2\repository\commons-codec\commons-codec\1.11\commons-codec-1.11.jar;C:\Users\i035789\.m2\repository\com\sap\cloud\s4hana\cloudplatform\connectivity-scp-cf\2.22.0\connectivity-scp-cf-2.22.0.jar;C:\Users\i035789\.m2\repository\com\sap\cloud\s4hana\frameworks\hystrix\2.22.0\hystrix-2.22.0.jar;C:\Users\i035789\.m2\repository\commons-configuration\commons-configuration\1.10\commons-configuration-1.10.jar;C:\Users\i035789\.m2\repository\commons-lang\commons-lang\2.6\commons-lang-2.6.jar;C:\Users\i035789\.m2\repository\commons-io\commons-io\2.6\commons-io-2.6.jar;C:\Users\i035789\.m2\repository\org\apache\httpcomponents\httpclient\4.5.6\httpclient-4.5.6.jar;C:\Users\i035789\.m2\repository\com\sap\cloud\s4hana\cloudplatform\security-scp-cf\2.22.0\security-scp-cf-2.22.0.jar;C:\Users\i035789\.m2\repository\com\sap\cloud\s4hana\cloudplatform\servlet\2.22.0\servlet-2.22.0.jar;C:\Users\i035789\.m2\repository\com\sap\cloud\s4hana\cloudplatform\tenant-scp-cf\2.22.0\tenant-scp-cf-2.22.0.jar;C:\Users\i035789\.m2\repository\com\sap\cloud\s4hana\cloudplatform\metering\2.22.0\metering-2.22.0.jar;C:\Users\i035789\.m2\repository\com\sap\cloud\s4hana\s4hana-all\2.22.0\s4hana-all-2.22.0.jar;C:\Users\i035789\.m2\repository\com\sap\cloud\s4hana\core\2.22.0\core-2.22.0.jar;C:\Users\i035789\.m2\repository\com\sap\cloud\s4hana\fluent-result\2.22.0\fluent-result-2.22.0.jar;C:\Users\i035789\.m2\repository\com\sap\cloud\s4hana\connectivity\2.22.0\connectivity-2.22.0.jar;C:\Users\i035789\.m2\repository\com\sap\cloud\s4hana\datamodel\2.22.0\datamodel-2.22.0.jar;C:\Users\i035789\.m2\repository\com\sap\cloud\s4hana\datamodel\bapi-api\2.22.0\bapi-api-2.22.0.jar;C:\Users\i035789\.m2\repository\com\sap\cloud\s4hana\datamodel\odata-core\2.22.0\odata-core-2.22.0.jar;C:\Users\i035789\.m2\repository\org\jsoup\jsoup\1.11.3\jsoup-1.11.3.jar;C:\Users\i035789\.m2\repository\org\apache\commons\commons-text\1.4\commons-text-1.4.jar;C:\Users\i035789\.m2\repository\com\sap\cloud\s4hana\datamodel\odata-api\2.22.0\odata-api-2.22.0.jar;C:\Users\i035789\.m2\repository\com\sap\cloud\s4hana\soap\2.22.0\soap-2.22.0.jar;C:\Users\i035789\.m2\repository\org\apache\axis2\axis2-adb\1.7.9\axis2-adb-1.7.9.jar;C:\Users\i035789\.m2\repository\org\apache\ws\commons\axiom\axiom-dom\1.2.21\axiom-dom-1.2.21.jar;C:\Users\i035789\.m2\repository\org\codehaus\woodstox\woodstox-core-asl\4.2.0\woodstox-core-asl-4.2.0.jar;C:\Users\i035789\.m2\repository\org\codehaus\woodstox\stax2-api\3.1.1\stax2-api-3.1.1.jar;C:\Users\i035789\.m2\repository\org\apache\axis2\axis2-transport-http\1.7.9\axis2-transport-http-1.7.9.jar;C:\Users\i035789\.m2\repository\org\apache\axis2\axis2-kernel\1.7.9\axis2-kernel-1.7.9.jar;C:\Users\i035789\.m2\repository\org\apache\ws\commons\axiom\axiom-api\1.2.21\axiom-api-1.2.21.jar;C:\Users\i035789\.m2\repository\org\apache\geronimo\specs\geronimo-activation_1.1_spec\1.1\geronimo-activation_1.1_spec-1.1.jar;C:\Users\i035789\.m2\repository\jaxen\jaxen\1.1.6\jaxen-1.1.6.jar;C:\Users\i035789\.m2\repository\org\apache\geronimo\specs\geronimo-stax-api_1.0_spec\1.0.1\geronimo-stax-api_1.0_spec-1.0.1.jar;C:\Users\i035789\.m2\repository\org\apache\james\apache-mime4j-core\0.7.2\apache-mime4j-core-0.7.2.jar;C:\Users\i035789\.m2\repository\org\apache\ws\commons\axiom\axiom-impl\1.2.21\axiom-impl-1.2.21.jar;C:\Users\i035789\.m2\repository\org\apache\geronimo\specs\geronimo-ws-metadata_2.0_spec\1.1.2\geronimo-ws-metadata_2.0_spec-1.1.2.jar;C:\Users\i035789\.m2\repository\org\apache\geronimo\specs\geronimo-jta_1.1_spec\1.1\geronimo-jta_1.1_spec-1.1.jar;C:\Users\i035789\.m2\repository\commons-fileupload\commons-fileupload\1.3.3\commons-fileupload-1.3.3.jar;C:\Users\i035789\.m2\repository\wsdl4j\wsdl4j\1.6.2\wsdl4j-1.6.2.jar;C:\Users\i035789\.m2\repository\org\apache\ws\xmlschema\xmlschema-core\2.2.1\xmlschema-core-2.2.1.jar;C:\Users\i035789\.m2\repository\org\apache\neethi\neethi\3.0.3\neethi-3.0.3.jar;C:\Users\i035789\.m2\repository\org\apache\woden\woden-core\1.0M10\woden-core-1.0M10.jar;C:\Users\i035789\.m2\repository\org\apache\axis2\axis2-transport-local\1.7.9\axis2-transport-local-1.7.9.jar;C:\Users\i035789\.m2\repository\com\sap\cloud\s4hana\rfc\2.22.0\rfc-2.22.0.jar;C:\Users\i035789\.m2\repository\com\sap\cloud\s4hana\quality\common\2.22.0\common-2.22.0.jar;C:\Users\i035789\.m2\repository\org\json\json\20180813\json-20180813.jar;C:\Users\i035789\.m2\repository\com\sap\cloud\servicesdk\odatav2-connectivity\1.32.0\odatav2-connectivity-1.32.0.jar;C:\Users\i035789\.m2\repository\org\apache\commons\commons-lang3\3.8.1\commons-lang3-3.8.1.jar;C:\Users\i035789\.m2\repository\com\sap\cloud\servicesdk\odata-v2-lib\1.32.0\odata-v2-lib-1.32.0.jar;C:\Users\i035789\.m2\repository\com\sap\cloud\servicesdk\developer_license\1.32.0\developer_license-1.32.0.jar;C:\Users\i035789\.m2\repository\com\sap\cloud\servicesdk\jacksonutil\1.32.0\jacksonutil-1.32.0.jar;C:\Users\i035789\.m2\repository\joda-time\joda-time\2.9.9\joda-time-2.9.9.jar;C:\Users\i035789\.m2\repository\com\sap\cloud\servicesdk\prov\api\1.32.0\api-1.32.0.jar;C:\Users\i035789\.m2\repository\javax\transaction\javax.transaction-api\1.2\javax.transaction-api-1.2.jar;C:\Users\i035789\.m2\repository\com\sap\cds\cds4j-api\1.0.0\cds4j-api-1.0.0.jar;C:\Users\i035789\.m2\repository\commons-beanutils\commons-beanutils\1.9.4\commons-beanutils-1.9.4.jar;C:\Users\i035789\.m2\repository\commons-collections\commons-collections\3.2.2\commons-collections-3.2.2.jar;C:\Users\i035789\.m2\repository\com\sap\cloud\s4hana\testutil\2.22.0\testutil-2.22.0.jar;C:\Users\i035789\.m2\repository\com\sap\cloud\s4hana\cloudplatform\auditlog\2.22.0\auditlog-2.22.0.jar;C:\Users\i035789\.m2\repository\com\fasterxml\jackson\core\jackson-core\2.9.10\jackson-core-2.9.10.jar;C:\Users\i035789\.m2\repository\com\sap\cloud\s4hana\cloudplatform\core\2.22.0\core-2.22.0.jar;C:\Users\i035789\.m2\repository\com\sap\cloud\s4hana\cloudplatform\connectivity\2.22.0\connectivity-2.22.0.jar;C:\Users\i035789\.m2\repository\com\sap\cloud\s4hana\cloudplatform\security\2.22.0\security-2.22.0.jar;C:\Users\i035789\.m2\repository\com\sap\cloud\s4hana\cloudplatform\tenant\2.22.0\tenant-2.22.0.jar;C:\Users\i035789\.m2\repository\com\sap\cloud\s4hana\testutil-resources\2.22.0\testutil-resources-2.22.0.jar;C:\Users\i035789\.m2\repository\com\google\code\findbugs\jsr305\3.0.2\jsr305-3.0.2.jar;C:\Users\i035789\.m2\repository\com\google\guava\guava\27.0.1-jre\guava-27.0.1-jre.jar;C:\Users\i035789\.m2\repository\com\google\guava\failureaccess\1.0.1\failureaccess-1.0.1.jar;C:\Users\i035789\.m2\repository\com\google\guava\listenablefuture\9999.0-empty-to-avoid-conflict-with-guava\listenablefuture-9999.0-empty-to-avoid-conflict-with-guava.jar;C:\Users\i035789\.m2\repository\org\checkerframework\checker-qual\2.5.2\checker-qual-2.5.2.jar;C:\Users\i035789\.m2\repository\com\google\errorprone\error_prone_annotations\2.2.0\error_prone_annotations-2.2.0.jar;C:\Users\i035789\.m2\repository\com\google\j2objc\j2objc-annotations\1.1\j2objc-annotations-1.1.jar;C:\Users\i035789\.m2\repository\org\codehaus\mojo\animal-sniffer-annotations\1.17\animal-sniffer-annotations-1.17.jar;C:\Users\i035789\.m2\repository\com\fasterxml\jackson\core\jackson-annotations\2.9.10\jackson-annotations-2.9.10.jar;C:\Users\i035789\.m2\repository\com\fasterxml\jackson\core\jackson-databind\2.9.10\jackson-databind-2.9.10.jar;C:\Users\i035789\.m2\repository\com\fasterxml\jackson\dataformat\jackson-dataformat-yaml\2.9.10\jackson-dataformat-yaml-2.9.10.jar;C:\Users\i035789\.m2\repository\org\yaml\snakeyaml\1.23\snakeyaml-1.23.jar;C:\Users\i035789\.m2\repository\com\mikesamuel\json-sanitizer\1.2.0\json-sanitizer-1.2.0.jar;C:\Users\i035789\.m2\repository\com\netflix\hystrix\hystrix-core\1.5.18\hystrix-core-1.5.18.jar;C:\Users\i035789\.m2\repository\com\netflix\archaius\archaius-core\0.7.6\archaius-core-0.7.6.jar;C:\Users\i035789\.m2\repository\io\reactivex\rxjava\1.3.8\rxjava-1.3.8.jar;C:\Users\i035789\.m2\repository\org\hdrhistogram\HdrHistogram\2.1.9\HdrHistogram-2.1.9.jar;C:\Users\i035789\.m2\repository\io\vavr\vavr\0.9.2\vavr-0.9.2.jar;C:\Users\i035789\.m2\repository\io\vavr\vavr-match\0.9.2\vavr-match-0.9.2.jar;C:\Users\i035789\.m2\repository\org\assertj\assertj-core\3.12.0\assertj-core-3.12.0.jar;C:\Users\i035789\.m2\repository\org\mockito\mockito-core\2.22.0\mockito-core-2.22.0.jar;C:\Users\i035789\.m2\repository\net\bytebuddy\byte-buddy\1.8.21\byte-buddy-1.8.21.jar;C:\Users\i035789\.m2\repository\net\bytebuddy\byte-buddy-agent\1.8.21\byte-buddy-agent-1.8.21.jar;C:\Users\i035789\.m2\repository\org\objenesis\objenesis\2.6\objenesis-2.6.jar;C:\Users\i035789\.m2\repository\com\github\tomakehurst\wiremock\2.19.0\wiremock-2.19.0.jar;C:\Users\i035789\.m2\repository\org\eclipse\jetty\jetty-server\9.4.17.v20190418\jetty-server-9.4.17.v20190418.jar;C:\Users\i035789\.m2\repository\javax\servlet\javax.servlet-api\3.1.0\javax.servlet-api-3.1.0.jar;C:\Users\i035789\.m2\repository\org\eclipse\jetty\jetty-http\9.4.17.v20190418\jetty-http-9.4.17.v20190418.jar;C:\Users\i035789\.m2\repository\org\eclipse\jetty\jetty-io\9.4.17.v20190418\jetty-io-9.4.17.v20190418.jar;C:\Users\i035789\.m2\repository\org\eclipse\jetty\jetty-servlet\9.4.17.v20190418\jetty-servlet-9.4.17.v20190418.jar;C:\Users\i035789\.m2\repository\org\eclipse\jetty\jetty-security\9.4.17.v20190418\jetty-security-9.4.17.v20190418.jar;C:\Users\i035789\.m2\repository\org\eclipse\jetty\jetty-servlets\9.4.17.v20190418\jetty-servlets-9.4.17.v20190418.jar;C:\Users\i035789\.m2\repository\org\eclipse\jetty\jetty-continuation\9.4.17.v20190418\jetty-continuation-9.4.17.v20190418.jar;C:\Users\i035789\.m2\repository\org\eclipse\jetty\jetty-util\9.4.17.v20190418\jetty-util-9.4.17.v20190418.jar;C:\Users\i035789\.m2\repository\org\eclipse\jetty\jetty-webapp\9.4.17.v20190418\jetty-webapp-9.4.17.v20190418.jar;C:\Users\i035789\.m2\repository\org\eclipse\jetty\jetty-xml\9.4.17.v20190418\jetty-xml-9.4.17.v20190418.jar;C:\Users\i035789\.m2\repository\org\xmlunit\xmlunit-core\2.5.1\xmlunit-core-2.5.1.jar;C:\Users\i035789\.m2\repository\org\xmlunit\xmlunit-legacy\2.5.1\xmlunit-legacy-2.5.1.jar;C:\Users\i035789\.m2\repository\com\jayway\jsonpath\json-path\2.4.0\json-path-2.4.0.jar;C:\Users\i035789\.m2\repository\net\minidev\json-smart\2.3\json-smart-2.3.jar;C:\Users\i035789\.m2\repository\net\minidev\accessors-smart\1.2\accessors-smart-1.2.jar;C:\Users\i035789\.m2\repository\org\ow2\asm\asm\5.0.4\asm-5.0.4.jar;C:\Users\i035789\.m2\repository\net\sf\jopt-simple\jopt-simple\5.0.3\jopt-simple-5.0.3.jar;C:\Users\i035789\.m2\repository\com\flipkart\zjsonpatch\zjsonpatch\0.4.4\zjsonpatch-0.4.4.jar;C:\Users\i035789\.m2\repository\com\github\jknack\handlebars\4.0.7\handlebars-4.0.7.jar;C:\Users\i035789\.m2\repository\org\antlr\antlr4-runtime\4.7.1\antlr4-runtime-4.7.1.jar;C:\Users\i035789\.m2\repository\com\github\jknack\handlebars-helpers\4.0.7\handlebars-helpers-4.0.7.jar;C:\Users\i035789\.m2\repository\org\apache\httpcomponents\httpcore\4.4.10\httpcore-4.4.10.jar;C:\Users\i035789\.m2\repository\org\slf4j\slf4j-api\1.7.26\slf4j-api-1.7.26.jar;C:\Users\i035789\.m2\repository\org\slf4j\jcl-over-slf4j\1.7.26\jcl-over-slf4j-1.7.26.jar;C:\Users\i035789\.m2\repository\org\slf4j\slf4j-simple\1.7.26\slf4j-simple-1.7.26.jar;C:\Users\i035789\.m2\repository\junit\junit\4.12\junit-4.12.jar;C:\Users\i035789\.m2\repository\org\hamcrest\hamcrest-core\1.3\hamcrest-core-1.3.jar;"/>
    <property name="java.vm.vendor" value="Oracle Corporation"/>
    <property name="sun.arch.data.model" value="64"/>
    <property name="user.variant" value=""/>
    <property name="java.vendor.url" value="http://java.oracle.com/"/>
    <property name="user.timezone" value="Europe/Berlin"/>
    <property name="user.country.format" value="IT"/>
    <property name="java.vm.specification.version" value="1.8"/>
    <property name="os.name" value="Windows 10"/>
    <property name="user.country" value="US"/>
    <property name="sun.java.launcher" value="SUN_STANDARD"/>
    <property name="sun.boot.library.path" value="C:\SAP_JAVA\RUNTIME\jdk1.8.0_211\jre\bin"/>
    <property name="sun.java.command" value="C:\Users\i035789\AppData\Local\Temp\surefire7961649653083271558\surefirebooter2056183464122986484.jar C:\Users\i035789\AppData\Local\Temp\surefire7961649653083271558 2019-10-18T12-09-03_645-jvmRun1 surefire6338961227329923067tmp surefire_06588995489014991914tmp"/>
    <property name="surefire.test.class.path" value="C:\SAP_JAVA\IDES\eclipse_scp\workspace\sdkapp\unit-tests\target\test-classes;C:\SAP_JAVA\IDES\eclipse_scp\workspace\sdkapp\unit-tests\target\classes;C:\SAP_JAVA\IDES\eclipse_scp\workspace\sdkapp\application\target\sdkapp-application-classes.jar;C:\Users\i035789\.m2\repository\com\sap\cloud\s4hana\cloudplatform\scp-cf\2.22.0\scp-cf-2.22.0.jar;C:\Users\i035789\.m2\repository\com\sap\cloud\s4hana\cloudplatform\auditlog-scp-cf\2.22.0\auditlog-scp-cf-2.22.0.jar;C:\Users\i035789\.m2\repository\com\sap\cloud\s4hana\cloudplatform\caching\2.22.0\caching-2.22.0.jar;C:\Users\i035789\.m2\repository\com\sap\cloud\s4hana\cloudplatform\core-scp-cf\2.22.0\core-scp-cf-2.22.0.jar;C:\Users\i035789\.m2\repository\com\google\code\gson\gson\2.8.5\gson-2.8.5.jar;C:\Users\i035789\.m2\repository\com\auth0\java-jwt\3.4.0\java-jwt-3.4.0.jar;C:\Users\i035789\.m2\repository\commons-codec\commons-codec\1.11\commons-codec-1.11.jar;C:\Users\i035789\.m2\repository\com\sap\cloud\s4hana\cloudplatform\connectivity-scp-cf\2.22.0\connectivity-scp-cf-2.22.0.jar;C:\Users\i035789\.m2\repository\com\sap\cloud\s4hana\frameworks\hystrix\2.22.0\hystrix-2.22.0.jar;C:\Users\i035789\.m2\repository\commons-configuration\commons-configuration\1.10\commons-configuration-1.10.jar;C:\Users\i035789\.m2\repository\commons-lang\commons-lang\2.6\commons-lang-2.6.jar;C:\Users\i035789\.m2\repository\commons-io\commons-io\2.6\commons-io-2.6.jar;C:\Users\i035789\.m2\repository\org\apache\httpcomponents\httpclient\4.5.6\httpclient-4.5.6.jar;C:\Users\i035789\.m2\repository\com\sap\cloud\s4hana\cloudplatform\security-scp-cf\2.22.0\security-scp-cf-2.22.0.jar;C:\Users\i035789\.m2\repository\com\sap\cloud\s4hana\cloudplatform\servlet\2.22.0\servlet-2.22.0.jar;C:\Users\i035789\.m2\repository\com\sap\cloud\s4hana\cloudplatform\tenant-scp-cf\2.22.0\tenant-scp-cf-2.22.0.jar;C:\Users\i035789\.m2\repository\com\sap\cloud\s4hana\cloudplatform\metering\2.22.0\metering-2.22.0.jar;C:\Users\i035789\.m2\repository\com\sap\cloud\s4hana\s4hana-all\2.22.0\s4hana-all-2.22.0.jar;C:\Users\i035789\.m2\repository\com\sap\cloud\s4hana\core\2.22.0\core-2.22.0.jar;C:\Users\i035789\.m2\repository\com\sap\cloud\s4hana\fluent-result\2.22.0\fluent-result-2.22.0.jar;C:\Users\i035789\.m2\repository\com\sap\cloud\s4hana\connectivity\2.22.0\connectivity-2.22.0.jar;C:\Users\i035789\.m2\repository\com\sap\cloud\s4hana\datamodel\2.22.0\datamodel-2.22.0.jar;C:\Users\i035789\.m2\repository\com\sap\cloud\s4hana\datamodel\bapi-api\2.22.0\bapi-api-2.22.0.jar;C:\Users\i035789\.m2\repository\com\sap\cloud\s4hana\datamodel\odata-core\2.22.0\odata-core-2.22.0.jar;C:\Users\i035789\.m2\repository\org\jsoup\jsoup\1.11.3\jsoup-1.11.3.jar;C:\Users\i035789\.m2\repository\org\apache\commons\commons-text\1.4\commons-text-1.4.jar;C:\Users\i035789\.m2\repository\com\sap\cloud\s4hana\datamodel\odata-api\2.22.0\odata-api-2.22.0.jar;C:\Users\i035789\.m2\repository\com\sap\cloud\s4hana\soap\2.22.0\soap-2.22.0.jar;C:\Users\i035789\.m2\repository\org\apache\axis2\axis2-adb\1.7.9\axis2-adb-1.7.9.jar;C:\Users\i035789\.m2\repository\org\apache\ws\commons\axiom\axiom-dom\1.2.21\axiom-dom-1.2.21.jar;C:\Users\i035789\.m2\repository\org\codehaus\woodstox\woodstox-core-asl\4.2.0\woodstox-core-asl-4.2.0.jar;C:\Users\i035789\.m2\repository\org\codehaus\woodstox\stax2-api\3.1.1\stax2-api-3.1.1.jar;C:\Users\i035789\.m2\repository\org\apache\axis2\axis2-transport-http\1.7.9\axis2-transport-http-1.7.9.jar;C:\Users\i035789\.m2\repository\org\apache\axis2\axis2-kernel\1.7.9\axis2-kernel-1.7.9.jar;C:\Users\i035789\.m2\repository\org\apache\ws\commons\axiom\axiom-api\1.2.21\axiom-api-1.2.21.jar;C:\Users\i035789\.m2\repository\org\apache\geronimo\specs\geronimo-activation_1.1_spec\1.1\geronimo-activation_1.1_spec-1.1.jar;C:\Users\i035789\.m2\repository\jaxen\jaxen\1.1.6\jaxen-1.1.6.jar;C:\Users\i035789\.m2\repository\org\apache\geronimo\specs\geronimo-stax-api_1.0_spec\1.0.1\geronimo-stax-api_1.0_spec-1.0.1.jar;C:\Users\i035789\.m2\repository\org\apache\james\apache-mime4j-core\0.7.2\apache-mime4j-core-0.7.2.jar;C:\Users\i035789\.m2\repository\org\apache\ws\commons\axiom\axiom-impl\1.2.21\axiom-impl-1.2.21.jar;C:\Users\i035789\.m2\repository\org\apache\geronimo\specs\geronimo-ws-metadata_2.0_spec\1.1.2\geronimo-ws-metadata_2.0_spec-1.1.2.jar;C:\Users\i035789\.m2\repository\org\apache\geronimo\specs\geronimo-jta_1.1_spec\1.1\geronimo-jta_1.1_spec-1.1.jar;C:\Users\i035789\.m2\repository\commons-fileupload\commons-fileupload\1.3.3\commons-fileupload-1.3.3.jar;C:\Users\i035789\.m2\repository\wsdl4j\wsdl4j\1.6.2\wsdl4j-1.6.2.jar;C:\Users\i035789\.m2\repository\org\apache\ws\xmlschema\xmlschema-core\2.2.1\xmlschema-core-2.2.1.jar;C:\Users\i035789\.m2\repository\org\apache\neethi\neethi\3.0.3\neethi-3.0.3.jar;C:\Users\i035789\.m2\repository\org\apache\woden\woden-core\1.0M10\woden-core-1.0M10.jar;C:\Users\i035789\.m2\repository\org\apache\axis2\axis2-transport-local\1.7.9\axis2-transport-local-1.7.9.jar;C:\Users\i035789\.m2\repository\com\sap\cloud\s4hana\rfc\2.22.0\rfc-2.22.0.jar;C:\Users\i035789\.m2\repository\com\sap\cloud\s4hana\quality\common\2.22.0\common-2.22.0.jar;C:\Users\i035789\.m2\repository\org\json\json\20180813\json-20180813.jar;C:\Users\i035789\.m2\repository\com\sap\cloud\servicesdk\odatav2-connectivity\1.32.0\odatav2-connectivity-1.32.0.jar;C:\Users\i035789\.m2\repository\org\apache\commons\commons-lang3\3.8.1\commons-lang3-3.8.1.jar;C:\Users\i035789\.m2\repository\com\sap\cloud\servicesdk\odata-v2-lib\1.32.0\odata-v2-lib-1.32.0.jar;C:\Users\i035789\.m2\repository\com\sap\cloud\servicesdk\developer_license\1.32.0\developer_license-1.32.0.jar;C:\Users\i035789\.m2\repository\com\sap\cloud\servicesdk\jacksonutil\1.32.0\jacksonutil-1.32.0.jar;C:\Users\i035789\.m2\repository\joda-time\joda-time\2.9.9\joda-time-2.9.9.jar;C:\Users\i035789\.m2\repository\com\sap\cloud\servicesdk\prov\api\1.32.0\api-1.32.0.jar;C:\Users\i035789\.m2\repository\javax\transaction\javax.transaction-api\1.2\javax.transaction-api-1.2.jar;C:\Users\i035789\.m2\repository\com\sap\cds\cds4j-api\1.0.0\cds4j-api-1.0.0.jar;C:\Users\i035789\.m2\repository\commons-beanutils\commons-beanutils\1.9.4\commons-beanutils-1.9.4.jar;C:\Users\i035789\.m2\repository\commons-collections\commons-collections\3.2.2\commons-collections-3.2.2.jar;C:\Users\i035789\.m2\repository\com\sap\cloud\s4hana\testutil\2.22.0\testutil-2.22.0.jar;C:\Users\i035789\.m2\repository\com\sap\cloud\s4hana\cloudplatform\auditlog\2.22.0\auditlog-2.22.0.jar;C:\Users\i035789\.m2\repository\com\fasterxml\jackson\core\jackson-core\2.9.10\jackson-core-2.9.10.jar;C:\Users\i035789\.m2\repository\com\sap\cloud\s4hana\cloudplatform\core\2.22.0\core-2.22.0.jar;C:\Users\i035789\.m2\repository\com\sap\cloud\s4hana\cloudplatform\connectivity\2.22.0\connectivity-2.22.0.jar;C:\Users\i035789\.m2\repository\com\sap\cloud\s4hana\cloudplatform\security\2.22.0\security-2.22.0.jar;C:\Users\i035789\.m2\repository\com\sap\cloud\s4hana\cloudplatform\tenant\2.22.0\tenant-2.22.0.jar;C:\Users\i035789\.m2\repository\com\sap\cloud\s4hana\testutil-resources\2.22.0\testutil-resources-2.22.0.jar;C:\Users\i035789\.m2\repository\com\google\code\findbugs\jsr305\3.0.2\jsr305-3.0.2.jar;C:\Users\i035789\.m2\repository\com\google\guava\guava\27.0.1-jre\guava-27.0.1-jre.jar;C:\Users\i035789\.m2\repository\com\google\guava\failureaccess\1.0.1\failureaccess-1.0.1.jar;C:\Users\i035789\.m2\repository\com\google\guava\listenablefuture\9999.0-empty-to-avoid-conflict-with-guava\listenablefuture-9999.0-empty-to-avoid-conflict-with-guava.jar;C:\Users\i035789\.m2\repository\org\checkerframework\checker-qual\2.5.2\checker-qual-2.5.2.jar;C:\Users\i035789\.m2\repository\com\google\errorprone\error_prone_annotations\2.2.0\error_prone_annotations-2.2.0.jar;C:\Users\i035789\.m2\repository\com\google\j2objc\j2objc-annotations\1.1\j2objc-annotations-1.1.jar;C:\Users\i035789\.m2\repository\org\codehaus\mojo\animal-sniffer-annotations\1.17\animal-sniffer-annotations-1.17.jar;C:\Users\i035789\.m2\repository\com\fasterxml\jackson\core\jackson-annotations\2.9.10\jackson-annotations-2.9.10.jar;C:\Users\i035789\.m2\repository\com\fasterxml\jackson\core\jackson-databind\2.9.10\jackson-databind-2.9.10.jar;C:\Users\i035789\.m2\repository\com\fasterxml\jackson\dataformat\jackson-dataformat-yaml\2.9.10\jackson-dataformat-yaml-2.9.10.jar;C:\Users\i035789\.m2\repository\org\yaml\snakeyaml\1.23\snakeyaml-1.23.jar;C:\Users\i035789\.m2\repository\com\mikesamuel\json-sanitizer\1.2.0\json-sanitizer-1.2.0.jar;C:\Users\i035789\.m2\repository\com\netflix\hystrix\hystrix-core\1.5.18\hystrix-core-1.5.18.jar;C:\Users\i035789\.m2\repository\com\netflix\archaius\archaius-core\0.7.6\archaius-core-0.7.6.jar;C:\Users\i035789\.m2\repository\io\reactivex\rxjava\1.3.8\rxjava-1.3.8.jar;C:\Users\i035789\.m2\repository\org\hdrhistogram\HdrHistogram\2.1.9\HdrHistogram-2.1.9.jar;C:\Users\i035789\.m2\repository\io\vavr\vavr\0.9.2\vavr-0.9.2.jar;C:\Users\i035789\.m2\repository\io\vavr\vavr-match\0.9.2\vavr-match-0.9.2.jar;C:\Users\i035789\.m2\repository\org\assertj\assertj-core\3.12.0\assertj-core-3.12.0.jar;C:\Users\i035789\.m2\repository\org\mockito\mockito-core\2.22.0\mockito-core-2.22.0.jar;C:\Users\i035789\.m2\repository\net\bytebuddy\byte-buddy\1.8.21\byte-buddy-1.8.21.jar;C:\Users\i035789\.m2\repository\net\bytebuddy\byte-buddy-agent\1.8.21\byte-buddy-agent-1.8.21.jar;C:\Users\i035789\.m2\repository\org\objenesis\objenesis\2.6\objenesis-2.6.jar;C:\Users\i035789\.m2\repository\com\github\tomakehurst\wiremock\2.19.0\wiremock-2.19.0.jar;C:\Users\i035789\.m2\repository\org\eclipse\jetty\jetty-server\9.4.17.v20190418\jetty-server-9.4.17.v20190418.jar;C:\Users\i035789\.m2\repository\javax\servlet\javax.servlet-api\3.1.0\javax.servlet-api-3.1.0.jar;C:\Users\i035789\.m2\repository\org\eclipse\jetty\jetty-http\9.4.17.v20190418\jetty-http-9.4.17.v20190418.jar;C:\Users\i035789\.m2\repository\org\eclipse\jetty\jetty-io\9.4.17.v20190418\jetty-io-9.4.17.v20190418.jar;C:\Users\i035789\.m2\repository\org\eclipse\jetty\jetty-servlet\9.4.17.v20190418\jetty-servlet-9.4.17.v20190418.jar;C:\Users\i035789\.m2\repository\org\eclipse\jetty\jetty-security\9.4.17.v20190418\jetty-security-9.4.17.v20190418.jar;C:\Users\i035789\.m2\repository\org\eclipse\jetty\jetty-servlets\9.4.17.v20190418\jetty-servlets-9.4.17.v20190418.jar;C:\Users\i035789\.m2\repository\org\eclipse\jetty\jetty-continuation\9.4.17.v20190418\jetty-continuation-9.4.17.v20190418.jar;C:\Users\i035789\.m2\repository\org\eclipse\jetty\jetty-util\9.4.17.v20190418\jetty-util-9.4.17.v20190418.jar;C:\Users\i035789\.m2\repository\org\eclipse\jetty\jetty-webapp\9.4.17.v20190418\jetty-webapp-9.4.17.v20190418.jar;C:\Users\i035789\.m2\repository\org\eclipse\jetty\jetty-xml\9.4.17.v20190418\jetty-xml-9.4.17.v20190418.jar;C:\Users\i035789\.m2\repository\org\xmlunit\xmlunit-core\2.5.1\xmlunit-core-2.5.1.jar;C:\Users\i035789\.m2\repository\org\xmlunit\xmlunit-legacy\2.5.1\xmlunit-legacy-2.5.1.jar;C:\Users\i035789\.m2\repository\com\jayway\jsonpath\json-path\2.4.0\json-path-2.4.0.jar;C:\Users\i035789\.m2\repository\net\minidev\json-smart\2.3\json-smart-2.3.jar;C:\Users\i035789\.m2\repository\net\minidev\accessors-smart\1.2\accessors-smart-1.2.jar;C:\Users\i035789\.m2\repository\org\ow2\asm\asm\5.0.4\asm-5.0.4.jar;C:\Users\i035789\.m2\repository\net\sf\jopt-simple\jopt-simple\5.0.3\jopt-simple-5.0.3.jar;C:\Users\i035789\.m2\repository\com\flipkart\zjsonpatch\zjsonpatch\0.4.4\zjsonpatch-0.4.4.jar;C:\Users\i035789\.m2\repository\com\github\jknack\handlebars\4.0.7\handlebars-4.0.7.jar;C:\Users\i035789\.m2\repository\org\antlr\antlr4-runtime\4.7.1\antlr4-runtime-4.7.1.jar;C:\Users\i035789\.m2\repository\com\github\jknack\handlebars-helpers\4.0.7\handlebars-helpers-4.0.7.jar;C:\Users\i035789\.m2\repository\org\apache\httpcomponents\httpcore\4.4.10\httpcore-4.4.10.jar;C:\Users\i035789\.m2\repository\org\slf4j\slf4j-api\1.7.26\slf4j-api-1.7.26.jar;C:\Users\i035789\.m2\repository\org\slf4j\jcl-over-slf4j\1.7.26\jcl-over-slf4j-1.7.26.jar;C:\Users\i035789\.m2\repository\org\slf4j\slf4j-simple\1.7.26\slf4j-simple-1.7.26.jar;C:\Users\i035789\.m2\repository\junit\junit\4.12\junit-4.12.jar;C:\Users\i035789\.m2\repository\org\hamcrest\hamcrest-core\1.3\hamcrest-core-1.3.jar;"/>
    <property name="sun.cpu.endian" value="little"/>
    <property name="user.home" value="C:\Users\i035789"/>
    <property name="user.language" value="en"/>
    <property name="java.specification.vendor" value="Oracle Corporation"/>
    <property name="java.home" value="C:\SAP_JAVA\RUNTIME\jdk1.8.0_211\jre"/>
    <property name="basedir" value="C:\SAP_JAVA\IDES\eclipse_scp\workspace\sdkapp\unit-tests"/>
    <property name="file.separator" value="\"/>
    <property name="line.separator" value="&#10;"/>
    <property name="java.vm.specification.vendor" value="Oracle Corporation"/>
    <property name="java.specification.name" value="Java Platform API Specification"/>
    <property name="java.awt.graphicsenv" value="sun.awt.Win32GraphicsEnvironment"/>
    <property name="surefire.real.class.path" value="C:\Users\i035789\AppData\Local\Temp\surefire7961649653083271558\surefirebooter2056183464122986484.jar;C:\\Users\\i035789\\.m2\\repository\\org\\jacoco\\org.jacoco.agent\\0.8.2\\org.jacoco.agent-0.8.2-runtime.jar"/>
    <property name="sun.boot.class.path" value="C:\SAP_JAVA\RUNTIME\jdk1.8.0_211\jre\lib\resources.jar;C:\SAP_JAVA\RUNTIME\jdk1.8.0_211\jre\lib\rt.jar;C:\SAP_JAVA\RUNTIME\jdk1.8.0_211\jre\lib\sunrsasign.jar;C:\SAP_JAVA\RUNTIME\jdk1.8.0_211\jre\lib\jsse.jar;C:\SAP_JAVA\RUNTIME\jdk1.8.0_211\jre\lib\jce.jar;C:\SAP_JAVA\RUNTIME\jdk1.8.0_211\jre\lib\charsets.jar;C:\SAP_JAVA\RUNTIME\jdk1.8.0_211\jre\lib\jfr.jar;C:\SAP_JAVA\RUNTIME\jdk1.8.0_211\jre\classes"/>
    <property name="user.script" value=""/>
    <property name="sun.management.compiler" value="HotSpot 64-Bit Tiered Compilers"/>
    <property name="java.runtime.version" value="1.8.0_211-b12"/>
    <property name="user.name" value="I035789"/>
    <property name="path.separator" value=";"/>
    <property name="os.version" value="10.0"/>
    <property name="java.endorsed.dirs" value="C:\SAP_JAVA\RUNTIME\jdk1.8.0_211\jre\lib\endorsed"/>
    <property name="java.runtime.name" value="Java(TM) SE Runtime Environment"/>
    <property name="file.encoding" value="Cp1252"/>
    <property name="java.vm.name" value="Java HotSpot(TM) 64-Bit Server VM"/>
    <property name="localRepository" value="C:\Users\i035789\.m2\repository"/>
    <property name="java.vendor.url.bug" value="http://bugreport.sun.com/bugreport/"/>
    <property name="java.io.tmpdir" value="C:\Users\i035789\AppData\Local\Temp\"/>
    <property name="java.version" value="1.8.0_211"/>
    <property name="user.dir" value="C:\SAP_JAVA\IDES\eclipse_scp\workspace\sdkapp\unit-tests"/>
    <property name="os.arch" value="amd64"/>
    <property name="surefire.forkDir" value="C:\SAP_JAVA\IDES\eclipse_scp\workspace\sdkapp\unit-tests\target/surefire-fork/1/"/>
    <property name="java.vm.specification.name" value="Java Virtual Machine Specification"/>
    <property name="java.awt.printerjob" value="sun.awt.windows.WPrinterJob"/>
    <property name="user.language.format" value="it"/>
    <property name="sun.os.patch.level" value=""/>
    <property name="org.slf4j.simpleLogger.defaultLogLevel" value="info"/>
    <property name="java.library.path" value="C:\SAP_JAVA\RUNTIME\jdk1.8.0_211\jre\bin;C:\Windows\Sun\Java\bin;C:\Windows\system32;C:\Windows;C:/SAP_JAVA/RUNTIME/jdk1.8.0_211/bin/../jre/bin/server;C:/SAP_JAVA/RUNTIME/jdk1.8.0_211/bin/../jre/bin;C:/SAP_JAVA/RUNTIME/jdk1.8.0_211/bin/../jre/lib/amd64;C:\ProgramData\DockerDesktop\version-bin;C:\Program Files\Docker\Docker\Resources\bin;C:\Program Files (x86)\Common Files\Oracle\Java\javapath;C:\Windows\system32;C:\Windows;C:\Windows\System32\Wbem;C:\Windows\System32\WindowsPowerShell\v1.0\;C:\Windows\System32\OpenSSH\;C:\Program Files (x86)\OpenText\Viewer\bin;C:\Program Files\Git\cmd;C:\Program Files\Cloud Foundry;C:\Program Files\TortoiseGit\bin;C:\Users\i035789\AppData\Local\Microsoft\WindowsApps;C:\SAP_JAVA\IDES\eclipse_scp\apache-maven-3.6.2\bin;C:\Program Files\Cloud Foundry;C:\Users\i035789\AppData\Local\GitHubDesktop\bin;C:\SAP_JAVA\IDES\eclipse_scp\eclipse;;."/>
    <property name="java.vm.info" value="mixed mode"/>
    <property name="java.vendor" value="Oracle Corporation"/>
    <property name="java.vm.version" value="25.211-b12"/>
    <property name="java.ext.dirs" value="C:\SAP_JAVA\RUNTIME\jdk1.8.0_211\jre\lib\ext;C:\Windows\Sun\Java\lib\ext"/>
    <property name="sun.io.unicode.encoding" value="UnicodeLittle"/>
    <property name="java.class.version" value="52.0"/>
  </properties>
  <testcase name="test" classname="com.sap.cloud.sdk.tutorial.sdkapp.UnitTest" time="0.007"/>
</testsuite>